<?xml version="1.0" encoding="UTF-8"?>
<testng-results skipped="0" failed="0" ignored="0" total="1" passed="1">
  <reporter-output>
    <line>
      <![CDATA[Verifying if link to Travel money card is present.]]>
    </line>
    <line>
      <![CDATA[Verifying if link to Foreign Cash is present.]]>
    </line>
  </reporter-output>
  <suite name="Default suite" duration-ms="22350" started-at="2020-11-11T14:51:35Z" finished-at="2020-11-11T14:51:57Z">
    <groups>
    </groups>
    <test name="Default test" duration-ms="22350" started-at="2020-11-11T14:51:35Z" finished-at="2020-11-11T14:51:57Z">
      <class name="AutomationFramework.TC_TestNGCommBank">
        <test-method status="PASS" signature="LaunchAUT()[pri:0, instance:AutomationFramework.TC_TestNGCommBank@1593948d]" name="LaunchAUT" is-config="true" duration-ms="7333" started-at="2020-11-11T14:51:35Z" finished-at="2020-11-11T14:51:42Z">
          <reporter-output>
          </reporter-output>
        </test-method> <!-- LaunchAUT -->
        <test-method status="PASS" signature="TC_TravelMoneyOverseas()[pri:0, instance:AutomationFramework.TC_TestNGCommBank@1593948d]" name="TC_TravelMoneyOverseas" duration-ms="4299" started-at="2020-11-11T14:51:42Z" finished-at="2020-11-11T14:51:47Z">
          <reporter-output>
            <line>
              <![CDATA[Verifying if link to Travel money card is present.]]>
            </line>
            <line>
              <![CDATA[Verifying if link to Foreign Cash is present.]]>
            </line>
          </reporter-output>
        </test-method> <!-- TC_TravelMoneyOverseas -->
        <test-method status="PASS" signature="CloseAUT()[pri:0, instance:AutomationFramework.TC_TestNGCommBank@1593948d]" name="CloseAUT" is-config="true" duration-ms="10695" started-at="2020-11-11T14:51:47Z" finished-at="2020-11-11T14:51:57Z">
          <reporter-output>
          </reporter-output>
        </test-method> <!-- CloseAUT -->
      </class> <!-- AutomationFramework.TC_TestNGCommBank -->
    </test> <!-- Default test -->
  </suite> <!-- Default suite -->
</testng-results>
